2016-04-20 22:07:54 startup archives install
2016-04-20 22:07:54 install base-passwd:armhf <none> 3.5.39
2016-04-20 22:07:54 status half-installed base-passwd:armhf 3.5.39
2016-04-20 22:07:55 status unpacked base-passwd:armhf 3.5.39
2016-04-20 22:07:55 status unpacked base-passwd:armhf 3.5.39
2016-04-20 22:07:55 configure base-passwd:armhf 3.5.39 3.5.39
2016-04-20 22:07:55 status unpacked base-passwd:armhf 3.5.39
2016-04-20 22:07:55 status half-configured base-passwd:armhf 3.5.39
2016-04-20 22:07:55 status installed base-passwd:armhf 3.5.39
2016-04-20 22:07:55 startup archives install
2016-04-20 22:07:55 install base-files:armhf <none> 9.4ubuntu4
2016-04-20 22:07:55 status half-installed base-files:armhf 9.4ubuntu4
2016-04-20 22:07:56 status unpacked base-files:armhf 9.4ubuntu4
2016-04-20 22:07:56 status unpacked base-files:armhf 9.4ubuntu4
2016-04-20 22:07:56 configure base-files:armhf 9.4ubuntu4 9.4ubuntu4
2016-04-20 22:07:56 status unpacked base-files:armhf 9.4ubuntu4
2016-04-20 22:07:56 status unpacked base-files:armhf 9.4ubuntu4
2016-04-20 22:07:56 status unpacked base-files:armhf 9.4ubuntu4
2016-04-20 22:07:56 status unpacked base-files:armhf 9.4ubuntu4
2016-04-20 22:07:56 status unpacked base-files:armhf 9.4ubuntu4
2016-04-20 22:07:56 status unpacked base-files:armhf 9.4ubuntu4
2016-04-20 22:07:56 status unpacked base-files:armhf 9.4ubuntu4
2016-04-20 22:07:56 status unpacked base-files:armhf 9.4ubuntu4
2016-04-20 22:07:56 status unpacked base-files:armhf 9.4ubuntu4
2016-04-20 22:07:56 status unpacked base-files:armhf 9.4ubuntu4
2016-04-20 22:07:56 status unpacked base-files:armhf 9.4ubuntu4
2016-04-20 22:07:56 status half-configured base-files:armhf 9.4ubuntu4
2016-04-20 22:07:56 status installed base-files:armhf 9.4ubuntu4
2016-04-20 22:07:57 startup archives install
2016-04-20 22:07:57 upgrade dpkg 1.18.4ubuntu1 1.18.4ubuntu1
2016-04-20 22:07:57 status half-configured dpkg 1.18.4ubuntu1
2016-04-20 22:07:57 status unpacked dpkg 1.18.4ubuntu1
2016-04-20 22:07:57 status half-installed dpkg 1.18.4ubuntu1
2016-04-20 22:07:57 status half-installed dpkg 1.18.4ubuntu1
2016-04-20 22:07:57 status unpacked dpkg:armhf 1.18.4ubuntu1
2016-04-20 22:07:57 status unpacked dpkg:armhf 1.18.4ubuntu1
2016-04-20 22:07:58 configure dpkg:armhf 1.18.4ubuntu1 1.18.4ubuntu1
2016-04-20 22:07:58 status unpacked dpkg:armhf 1.18.4ubuntu1
2016-04-20 22:07:58 status unpacked dpkg:armhf 1.18.4ubuntu1
2016-04-20 22:07:58 status unpacked dpkg:armhf 1.18.4ubuntu1
2016-04-20 22:07:58 status unpacked dpkg:armhf 1.18.4ubuntu1
2016-04-20 22:07:58 status unpacked dpkg:armhf 1.18.4ubuntu1
2016-04-20 22:07:58 status half-configured dpkg:armhf 1.18.4ubuntu1
2016-04-20 22:07:58 status installed dpkg:armhf 1.18.4ubuntu1
2016-04-20 22:07:58 startup archives install
2016-04-20 22:08:00 install libc6:armhf <none> 2.23-0ubuntu3
2016-04-20 22:08:00 status half-installed libc6:armhf 2.23-0ubuntu3
2016-04-20 22:08:01 status unpacked libc6:armhf 2.23-0ubuntu3
2016-04-20 22:08:01 status unpacked libc6:armhf 2.23-0ubuntu3
2016-04-20 22:08:01 configure libc6:armhf 2.23-0ubuntu3 2.23-0ubuntu3
2016-04-20 22:08:01 status unpacked libc6:armhf 2.23-0ubuntu3
2016-04-20 22:08:01 status unpacked libc6:armhf 2.23-0ubuntu3
2016-04-20 22:08:01 status half-configured libc6:armhf 2.23-0ubuntu3
2016-04-20 22:08:02 status installed libc6:armhf 2.23-0ubuntu3
2016-04-20 22:08:02 startup archives install
2016-04-20 22:08:02 install perl-base:armhf <none> 5.22.1-9
2016-04-20 22:08:02 status half-installed perl-base:armhf 5.22.1-9
2016-04-20 22:08:03 status unpacked perl-base:armhf 5.22.1-9
2016-04-20 22:08:03 status unpacked perl-base:armhf 5.22.1-9
2016-04-20 22:08:03 configure perl-base:armhf 5.22.1-9 5.22.1-9
2016-04-20 22:08:03 status unpacked perl-base:armhf 5.22.1-9
2016-04-20 22:08:04 status half-configured perl-base:armhf 5.22.1-9
2016-04-20 22:08:04 status installed perl-base:armhf 5.22.1-9
2016-04-20 22:08:04 startup archives install
2016-04-20 22:08:04 install mawk:armhf <none> 1.3.3-17ubuntu2
2016-04-20 22:08:04 status half-installed mawk:armhf 1.3.3-17ubuntu2
2016-04-20 22:08:04 status unpacked mawk:armhf 1.3.3-17ubuntu2
2016-04-20 22:08:04 status unpacked mawk:armhf 1.3.3-17ubuntu2
2016-04-20 22:08:04 configure mawk:armhf 1.3.3-17ubuntu2 1.3.3-17ubuntu2
2016-04-20 22:08:04 status unpacked mawk:armhf 1.3.3-17ubuntu2
2016-04-20 22:08:04 status half-configured mawk:armhf 1.3.3-17ubuntu2
2016-04-20 22:08:04 status installed mawk:armhf 1.3.3-17ubuntu2
2016-04-20 22:08:04 startup archives unpack
2016-04-20 22:08:05 install adduser:all <none> 3.113+nmu3ubuntu4
2016-04-20 22:08:05 status half-installed adduser:all 3.113+nmu3ubuntu4
2016-04-20 22:08:05 status unpacked adduser:all 3.113+nmu3ubuntu4
2016-04-20 22:08:05 status unpacked adduser:all 3.113+nmu3ubuntu4
2016-04-20 22:08:05 upgrade base-files:armhf 9.4ubuntu4 9.4ubuntu4
2016-04-20 22:08:05 status half-configured base-files:armhf 9.4ubuntu4
2016-04-20 22:08:05 status unpacked base-files:armhf 9.4ubuntu4
2016-04-20 22:08:05 status half-installed base-files:armhf 9.4ubuntu4
2016-04-20 22:08:06 status half-installed base-files:armhf 9.4ubuntu4
2016-04-20 22:08:06 status unpacked base-files:armhf 9.4ubuntu4
2016-04-20 22:08:06 status unpacked base-files:armhf 9.4ubuntu4
2016-04-20 22:08:06 upgrade base-passwd:armhf 3.5.39 3.5.39
2016-04-20 22:08:06 status half-configured base-passwd:armhf 3.5.39
2016-04-20 22:08:06 status unpacked base-passwd:armhf 3.5.39
2016-04-20 22:08:06 status half-installed base-passwd:armhf 3.5.39
2016-04-20 22:08:06 status half-installed base-passwd:armhf 3.5.39
2016-04-20 22:08:06 status unpacked base-passwd:armhf 3.5.39
2016-04-20 22:08:06 status unpacked base-passwd:armhf 3.5.39
2016-04-20 22:08:07 install bash:armhf <none> 4.3-14ubuntu1
2016-04-20 22:08:07 status half-installed bash:armhf 4.3-14ubuntu1
2016-04-20 22:08:07 status unpacked bash:armhf 4.3-14ubuntu1
2016-04-20 22:08:07 status unpacked bash:armhf 4.3-14ubuntu1
2016-04-20 22:08:07 install bsdutils:armhf <none> 1:2.27.1-6ubuntu3
2016-04-20 22:08:07 status half-installed bsdutils:armhf 1:2.27.1-6ubuntu3
2016-04-20 22:08:07 status unpacked bsdutils:armhf 1:2.27.1-6ubuntu3
2016-04-20 22:08:07 status unpacked bsdutils:armhf 1:2.27.1-6ubuntu3
2016-04-20 22:08:07 install coreutils:armhf <none> 8.25-2ubuntu2
2016-04-20 22:08:07 status half-installed coreutils:armhf 8.25-2ubuntu2
2016-04-20 22:08:08 status unpacked coreutils:armhf 8.25-2ubuntu2
2016-04-20 22:08:08 status unpacked coreutils:armhf 8.25-2ubuntu2
2016-04-20 22:08:09 install dash:armhf <none> 0.5.8-2.1ubuntu2
2016-04-20 22:08:09 status half-installed dash:armhf 0.5.8-2.1ubuntu2
2016-04-20 22:08:09 status unpacked dash:armhf 0.5.8-2.1ubuntu2
2016-04-20 22:08:09 status unpacked dash:armhf 0.5.8-2.1ubuntu2
2016-04-20 22:08:09 install debconf:all <none> 1.5.58ubuntu1
2016-04-20 22:08:09 status half-installed debconf:all 1.5.58ubuntu1
2016-04-20 22:08:10 status unpacked debconf:all 1.5.58ubuntu1
2016-04-20 22:08:10 status unpacked debconf:all 1.5.58ubuntu1
2016-04-20 22:08:10 install debianutils:armhf <none> 4.7
2016-04-20 22:08:10 status half-installed debianutils:armhf 4.7
2016-04-20 22:08:10 status unpacked debianutils:armhf 4.7
2016-04-20 22:08:10 status unpacked debianutils:armhf 4.7
2016-04-20 22:08:10 install diffutils:armhf <none> 1:3.3-3
2016-04-20 22:08:10 status half-installed diffutils:armhf 1:3.3-3
2016-04-20 22:08:10 status unpacked diffutils:armhf 1:3.3-3
2016-04-20 22:08:11 status unpacked diffutils:armhf 1:3.3-3
2016-04-20 22:08:11 upgrade dpkg:armhf 1.18.4ubuntu1 1.18.4ubuntu1
2016-04-20 22:08:11 status half-configured dpkg:armhf 1.18.4ubuntu1
2016-04-20 22:08:11 status unpacked dpkg:armhf 1.18.4ubuntu1
2016-04-20 22:08:11 status half-installed dpkg:armhf 1.18.4ubuntu1
2016-04-20 22:08:11 status half-installed dpkg:armhf 1.18.4ubuntu1
2016-04-20 22:08:11 status unpacked dpkg:armhf 1.18.4ubuntu1
2016-04-20 22:08:12 status unpacked dpkg:armhf 1.18.4ubuntu1
2016-04-20 22:08:12 install e2fslibs:armhf <none> 1.42.13-1ubuntu1
2016-04-20 22:08:12 status half-installed e2fslibs:armhf 1.42.13-1ubuntu1
2016-04-20 22:08:12 status unpacked e2fslibs:armhf 1.42.13-1ubuntu1
2016-04-20 22:08:12 status unpacked e2fslibs:armhf 1.42.13-1ubuntu1
2016-04-20 22:08:12 install e2fsprogs:armhf <none> 1.42.13-1ubuntu1
2016-04-20 22:08:12 status half-installed e2fsprogs:armhf 1.42.13-1ubuntu1
2016-04-20 22:08:13 status unpacked e2fsprogs:armhf 1.42.13-1ubuntu1
2016-04-20 22:08:13 status unpacked e2fsprogs:armhf 1.42.13-1ubuntu1
2016-04-20 22:08:13 install findutils:armhf <none> 4.6.0+git+20160126-2
2016-04-20 22:08:13 status half-installed findutils:armhf 4.6.0+git+20160126-2
2016-04-20 22:08:13 status unpacked findutils:armhf 4.6.0+git+20160126-2
2016-04-20 22:08:13 status unpacked findutils:armhf 4.6.0+git+20160126-2
2016-04-20 22:08:13 install gcc-6-base:armhf <none> 6.0.1-0ubuntu1
2016-04-20 22:08:13 status half-installed gcc-6-base:armhf 6.0.1-0ubuntu1
2016-04-20 22:08:13 status unpacked gcc-6-base:armhf 6.0.1-0ubuntu1
2016-04-20 22:08:13 status unpacked gcc-6-base:armhf 6.0.1-0ubuntu1
2016-04-20 22:08:14 install grep:armhf <none> 2.24-1
2016-04-20 22:08:14 status half-installed grep:armhf 2.24-1
2016-04-20 22:08:14 status unpacked grep:armhf 2.24-1
2016-04-20 22:08:14 status unpacked grep:armhf 2.24-1
2016-04-20 22:08:14 install gzip:armhf <none> 1.6-4ubuntu1
2016-04-20 22:08:14 status half-installed gzip:armhf 1.6-4ubuntu1
2016-04-20 22:08:14 status unpacked gzip:armhf 1.6-4ubuntu1
2016-04-20 22:08:14 status unpacked gzip:armhf 1.6-4ubuntu1
2016-04-20 22:08:14 install hostname:armhf <none> 3.16ubuntu2
2016-04-20 22:08:14 status half-installed hostname:armhf 3.16ubuntu2
2016-04-20 22:08:15 status unpacked hostname:armhf 3.16ubuntu2
2016-04-20 22:08:15 status unpacked hostname:armhf 3.16ubuntu2
2016-04-20 22:08:15 install init:armhf <none> 1.29ubuntu1
2016-04-20 22:08:15 status half-installed init:armhf 1.29ubuntu1
2016-04-20 22:08:15 status unpacked init:armhf 1.29ubuntu1
2016-04-20 22:08:15 status unpacked init:armhf 1.29ubuntu1
2016-04-20 22:08:15 install init-system-helpers:all <none> 1.29ubuntu1
2016-04-20 22:08:15 status half-installed init-system-helpers:all 1.29ubuntu1
2016-04-20 22:08:15 status unpacked init-system-helpers:all 1.29ubuntu1
2016-04-20 22:08:15 status unpacked init-system-helpers:all 1.29ubuntu1
2016-04-20 22:08:16 install initscripts:armhf <none> 2.88dsf-59.3ubuntu2
2016-04-20 22:08:16 status half-installed initscripts:armhf 2.88dsf-59.3ubuntu2
2016-04-20 22:08:16 status unpacked initscripts:armhf 2.88dsf-59.3ubuntu2
2016-04-20 22:08:16 status unpacked initscripts:armhf 2.88dsf-59.3ubuntu2
2016-04-20 22:08:16 install insserv:armhf <none> 1.14.0-5ubuntu3
2016-04-20 22:08:16 status half-installed insserv:armhf 1.14.0-5ubuntu3
2016-04-20 22:08:16 status unpacked insserv:armhf 1.14.0-5ubuntu3
2016-04-20 22:08:16 status unpacked insserv:armhf 1.14.0-5ubuntu3
2016-04-20 22:08:17 install libacl1:armhf <none> 2.2.52-3
2016-04-20 22:08:17 status half-installed libacl1:armhf 2.2.52-3
2016-04-20 22:08:17 status unpacked libacl1:armhf 2.2.52-3
2016-04-20 22:08:17 status unpacked libacl1:armhf 2.2.52-3
2016-04-20 22:08:17 install libapparmor1:armhf <none> 2.10.95-0ubuntu2
2016-04-20 22:08:17 status half-installed libapparmor1:armhf 2.10.95-0ubuntu2
2016-04-20 22:08:17 status unpacked libapparmor1:armhf 2.10.95-0ubuntu2
2016-04-20 22:08:17 status unpacked libapparmor1:armhf 2.10.95-0ubuntu2
2016-04-20 22:08:17 install libattr1:armhf <none> 1:2.4.47-2
2016-04-20 22:08:17 status half-installed libattr1:armhf 1:2.4.47-2
2016-04-20 22:08:18 status unpacked libattr1:armhf 1:2.4.47-2
2016-04-20 22:08:18 status unpacked libattr1:armhf 1:2.4.47-2
2016-04-20 22:08:18 install libaudit-common:all <none> 1:2.4.5-1ubuntu2
2016-04-20 22:08:18 status half-installed libaudit-common:all 1:2.4.5-1ubuntu2
2016-04-20 22:08:18 status unpacked libaudit-common:all 1:2.4.5-1ubuntu2
2016-04-20 22:08:18 status unpacked libaudit-common:all 1:2.4.5-1ubuntu2
2016-04-20 22:08:18 install libaudit1:armhf <none> 1:2.4.5-1ubuntu2
2016-04-20 22:08:18 status half-installed libaudit1:armhf 1:2.4.5-1ubuntu2
2016-04-20 22:08:18 status unpacked libaudit1:armhf 1:2.4.5-1ubuntu2
2016-04-20 22:08:19 status unpacked libaudit1:armhf 1:2.4.5-1ubuntu2
2016-04-20 22:08:19 install libblkid1:armhf <none> 2.27.1-6ubuntu3
2016-04-20 22:08:19 status half-installed libblkid1:armhf 2.27.1-6ubuntu3
2016-04-20 22:08:19 status unpacked libblkid1:armhf 2.27.1-6ubuntu3
2016-04-20 22:08:19 status unpacked libblkid1:armhf 2.27.1-6ubuntu3
2016-04-20 22:08:19 install libbz2-1.0:armhf <none> 1.0.6-8
2016-04-20 22:08:19 status half-installed libbz2-1.0:armhf 1.0.6-8
2016-04-20 22:08:20 status unpacked libbz2-1.0:armhf 1.0.6-8
2016-04-20 22:08:20 status unpacked libbz2-1.0:armhf 1.0.6-8
2016-04-20 22:08:20 install libc-bin:armhf <none> 2.23-0ubuntu3
2016-04-20 22:08:20 status half-installed libc-bin:armhf 2.23-0ubuntu3
2016-04-20 22:08:20 status unpacked libc-bin:armhf 2.23-0ubuntu3
2016-04-20 22:08:20 status unpacked libc-bin:armhf 2.23-0ubuntu3
2016-04-20 22:08:21 upgrade libc6:armhf 2.23-0ubuntu3 2.23-0ubuntu3
2016-04-20 22:08:21 status half-configured libc6:armhf 2.23-0ubuntu3
2016-04-20 22:08:21 status unpacked libc6:armhf 2.23-0ubuntu3
2016-04-20 22:08:21 status half-installed libc6:armhf 2.23-0ubuntu3
2016-04-20 22:08:23 status half-installed libc6:armhf 2.23-0ubuntu3
2016-04-20 22:08:23 status unpacked libc6:armhf 2.23-0ubuntu3
2016-04-20 22:08:23 status unpacked libc6:armhf 2.23-0ubuntu3
2016-04-20 22:08:23 install libcap2:armhf <none> 1:2.24-12
2016-04-20 22:08:23 status half-installed libcap2:armhf 1:2.24-12
2016-04-20 22:08:23 status unpacked libcap2:armhf 1:2.24-12
2016-04-20 22:08:23 status unpacked libcap2:armhf 1:2.24-12
2016-04-20 22:08:23 install libcap2-bin:armhf <none> 1:2.24-12
2016-04-20 22:08:23 status half-installed libcap2-bin:armhf 1:2.24-12
2016-04-20 22:08:23 status unpacked libcap2-bin:armhf 1:2.24-12
2016-04-20 22:08:24 status unpacked libcap2-bin:armhf 1:2.24-12
2016-04-20 22:08:24 install libcomerr2:armhf <none> 1.42.13-1ubuntu1
2016-04-20 22:08:24 status half-installed libcomerr2:armhf 1.42.13-1ubuntu1
2016-04-20 22:08:24 status unpacked libcomerr2:armhf 1.42.13-1ubuntu1
2016-04-20 22:08:24 status unpacked libcomerr2:armhf 1.42.13-1ubuntu1
2016-04-20 22:08:25 install libcryptsetup4:armhf <none> 2:1.6.6-5ubuntu2
2016-04-20 22:08:25 status half-installed libcryptsetup4:armhf 2:1.6.6-5ubuntu2
2016-04-20 22:08:25 status unpacked libcryptsetup4:armhf 2:1.6.6-5ubuntu2
2016-04-20 22:08:25 status unpacked libcryptsetup4:armhf 2:1.6.6-5ubuntu2
2016-04-20 22:08:25 install libdb5.3:armhf <none> 5.3.28-11
2016-04-20 22:08:25 status half-installed libdb5.3:armhf 5.3.28-11
2016-04-20 22:08:25 status unpacked libdb5.3:armhf 5.3.28-11
2016-04-20 22:08:26 status unpacked libdb5.3:armhf 5.3.28-11
2016-04-20 22:08:26 install libdebconfclient0:armhf <none> 0.198ubuntu1
2016-04-20 22:08:26 status half-installed libdebconfclient0:armhf 0.198ubuntu1
2016-04-20 22:08:26 status unpacked libdebconfclient0:armhf 0.198ubuntu1
2016-04-20 22:08:26 status unpacked libdebconfclient0:armhf 0.198ubuntu1
2016-04-20 22:08:26 install libdevmapper1.02.1:armhf <none> 2:1.02.110-1ubuntu10
2016-04-20 22:08:26 status half-installed libdevmapper1.02.1:armhf 2:1.02.110-1ubuntu10
2016-04-20 22:08:26 status unpacked libdevmapper1.02.1:armhf 2:1.02.110-1ubuntu10
2016-04-20 22:08:26 status unpacked libdevmapper1.02.1:armhf 2:1.02.110-1ubuntu10
2016-04-20 22:08:27 install libfdisk1:armhf <none> 2.27.1-6ubuntu3
2016-04-20 22:08:27 status half-installed libfdisk1:armhf 2.27.1-6ubuntu3
2016-04-20 22:08:27 status unpacked libfdisk1:armhf 2.27.1-6ubuntu3
2016-04-20 22:08:27 status unpacked libfdisk1:armhf 2.27.1-6ubuntu3
2016-04-20 22:08:27 install libgcc1:armhf <none> 1:6.0.1-0ubuntu1
2016-04-20 22:08:27 status half-installed libgcc1:armhf 1:6.0.1-0ubuntu1
2016-04-20 22:08:27 status unpacked libgcc1:armhf 1:6.0.1-0ubuntu1
2016-04-20 22:08:27 status unpacked libgcc1:armhf 1:6.0.1-0ubuntu1
2016-04-20 22:08:28 install libgcrypt20:armhf <none> 1.6.5-2
2016-04-20 22:08:28 status half-installed libgcrypt20:armhf 1.6.5-2
2016-04-20 22:08:28 status unpacked libgcrypt20:armhf 1.6.5-2
2016-04-20 22:08:28 status unpacked libgcrypt20:armhf 1.6.5-2
2016-04-20 22:08:28 install libgpg-error0:armhf <none> 1.21-2ubuntu1
2016-04-20 22:08:28 status half-installed libgpg-error0:armhf 1.21-2ubuntu1
2016-04-20 22:08:28 status unpacked libgpg-error0:armhf 1.21-2ubuntu1
2016-04-20 22:08:28 status unpacked libgpg-error0:armhf 1.21-2ubuntu1
2016-04-20 22:08:29 install libkmod2:armhf <none> 22-1ubuntu4
2016-04-20 22:08:29 status half-installed libkmod2:armhf 22-1ubuntu4
2016-04-20 22:08:29 status unpacked libkmod2:armhf 22-1ubuntu4
2016-04-20 22:08:29 status unpacked libkmod2:armhf 22-1ubuntu4
2016-04-20 22:08:29 install liblzma5:armhf <none> 5.1.1alpha+20120614-2ubuntu2
2016-04-20 22:08:29 status half-installed liblzma5:armhf 5.1.1alpha+20120614-2ubuntu2
2016-04-20 22:08:30 status unpacked liblzma5:armhf 5.1.1alpha+20120614-2ubuntu2
2016-04-20 22:08:30 status unpacked liblzma5:armhf 5.1.1alpha+20120614-2ubuntu2
2016-04-20 22:08:30 install libmount1:armhf <none> 2.27.1-6ubuntu3
2016-04-20 22:08:30 status half-installed libmount1:armhf 2.27.1-6ubuntu3
2016-04-20 22:08:30 status unpacked libmount1:armhf 2.27.1-6ubuntu3
2016-04-20 22:08:30 status unpacked libmount1:armhf 2.27.1-6ubuntu3
2016-04-20 22:08:30 install libncurses5:armhf <none> 6.0+20160213-1ubuntu1
2016-04-20 22:08:30 status half-installed libncurses5:armhf 6.0+20160213-1ubuntu1
2016-04-20 22:08:30 status unpacked libncurses5:armhf 6.0+20160213-1ubuntu1
2016-04-20 22:08:31 status unpacked libncurses5:armhf 6.0+20160213-1ubuntu1
2016-04-20 22:08:31 install libncursesw5:armhf <none> 6.0+20160213-1ubuntu1
2016-04-20 22:08:31 status half-installed libncursesw5:armhf 6.0+20160213-1ubuntu1
2016-04-20 22:08:31 status unpacked libncursesw5:armhf 6.0+20160213-1ubuntu1
2016-04-20 22:08:31 status unpacked libncursesw5:armhf 6.0+20160213-1ubuntu1
2016-04-20 22:08:31 install libpam-modules:armhf <none> 1.1.8-3.2ubuntu2
2016-04-20 22:08:31 status half-installed libpam-modules:armhf 1.1.8-3.2ubuntu2
2016-04-20 22:08:32 status unpacked libpam-modules:armhf 1.1.8-3.2ubuntu2
2016-04-20 22:08:32 status unpacked libpam-modules:armhf 1.1.8-3.2ubuntu2
2016-04-20 22:08:32 install libpam-modules-bin:armhf <none> 1.1.8-3.2ubuntu2
2016-04-20 22:08:32 status half-installed libpam-modules-bin:armhf 1.1.8-3.2ubuntu2
2016-04-20 22:08:32 status unpacked libpam-modules-bin:armhf 1.1.8-3.2ubuntu2
2016-04-20 22:08:32 status unpacked libpam-modules-bin:armhf 1.1.8-3.2ubuntu2
2016-04-20 22:08:33 install libpam-runtime:all <none> 1.1.8-3.2ubuntu2
2016-04-20 22:08:33 status half-installed libpam-runtime:all 1.1.8-3.2ubuntu2
2016-04-20 22:08:33 status unpacked libpam-runtime:all 1.1.8-3.2ubuntu2
2016-04-20 22:08:33 status unpacked libpam-runtime:all 1.1.8-3.2ubuntu2
2016-04-20 22:08:33 install libpam0g:armhf <none> 1.1.8-3.2ubuntu2
2016-04-20 22:08:33 status half-installed libpam0g:armhf 1.1.8-3.2ubuntu2
2016-04-20 22:08:33 status unpacked libpam0g:armhf 1.1.8-3.2ubuntu2
2016-04-20 22:08:33 status unpacked libpam0g:armhf 1.1.8-3.2ubuntu2
2016-04-20 22:08:34 install libpcre3:armhf <none> 2:8.38-3.1
2016-04-20 22:08:34 status half-installed libpcre3:armhf 2:8.38-3.1
2016-04-20 22:08:34 status unpacked libpcre3:armhf 2:8.38-3.1
2016-04-20 22:08:34 status unpacked libpcre3:armhf 2:8.38-3.1
2016-04-20 22:08:34 install libprocps4:armhf <none> 2:3.3.10-4ubuntu2
2016-04-20 22:08:34 status half-installed libprocps4:armhf 2:3.3.10-4ubuntu2
2016-04-20 22:08:34 status unpacked libprocps4:armhf 2:3.3.10-4ubuntu2
2016-04-20 22:08:34 status unpacked libprocps4:armhf 2:3.3.10-4ubuntu2
2016-04-20 22:08:35 install libseccomp2:armhf <none> 2.2.3-3ubuntu3
2016-04-20 22:08:35 status half-installed libseccomp2:armhf 2.2.3-3ubuntu3
2016-04-20 22:08:35 status unpacked libseccomp2:armhf 2.2.3-3ubuntu3
2016-04-20 22:08:35 status unpacked libseccomp2:armhf 2.2.3-3ubuntu3
2016-04-20 22:08:35 install libselinux1:armhf <none> 2.4-3build2
2016-04-20 22:08:35 status half-installed libselinux1:armhf 2.4-3build2
2016-04-20 22:08:35 status unpacked libselinux1:armhf 2.4-3build2
2016-04-20 22:08:35 status unpacked libselinux1:armhf 2.4-3build2
2016-04-20 22:08:35 install libsemanage-common:all <none> 2.3-1build3
2016-04-20 22:08:35 status half-installed libsemanage-common:all 2.3-1build3
2016-04-20 22:08:36 status unpacked libsemanage-common:all 2.3-1build3
2016-04-20 22:08:36 status unpacked libsemanage-common:all 2.3-1build3
2016-04-20 22:08:36 install libsemanage1:armhf <none> 2.3-1build3
2016-04-20 22:08:36 status half-installed libsemanage1:armhf 2.3-1build3
2016-04-20 22:08:36 status unpacked libsemanage1:armhf 2.3-1build3
2016-04-20 22:08:36 status unpacked libsemanage1:armhf 2.3-1build3
2016-04-20 22:08:36 install libsepol1:armhf <none> 2.4-2
2016-04-20 22:08:36 status half-installed libsepol1:armhf 2.4-2
2016-04-20 22:08:37 status unpacked libsepol1:armhf 2.4-2
2016-04-20 22:08:37 status unpacked libsepol1:armhf 2.4-2
2016-04-20 22:08:37 install libsmartcols1:armhf <none> 2.27.1-6ubuntu3
2016-04-20 22:08:37 status half-installed libsmartcols1:armhf 2.27.1-6ubuntu3
2016-04-20 22:08:37 status unpacked libsmartcols1:armhf 2.27.1-6ubuntu3
2016-04-20 22:08:37 status unpacked libsmartcols1:armhf 2.27.1-6ubuntu3
2016-04-20 22:08:37 install libss2:armhf <none> 1.42.13-1ubuntu1
2016-04-20 22:08:37 status half-installed libss2:armhf 1.42.13-1ubuntu1
2016-04-20 22:08:38 status unpacked libss2:armhf 1.42.13-1ubuntu1
2016-04-20 22:08:38 status unpacked libss2:armhf 1.42.13-1ubuntu1
2016-04-20 22:08:38 install libsystemd0:armhf <none> 229-4ubuntu4
2016-04-20 22:08:38 status half-installed libsystemd0:armhf 229-4ubuntu4
2016-04-20 22:08:38 status unpacked libsystemd0:armhf 229-4ubuntu4
2016-04-20 22:08:38 status unpacked libsystemd0:armhf 229-4ubuntu4
2016-04-20 22:08:38 install libtinfo5:armhf <none> 6.0+20160213-1ubuntu1
2016-04-20 22:08:38 status half-installed libtinfo5:armhf 6.0+20160213-1ubuntu1
2016-04-20 22:08:38 status unpacked libtinfo5:armhf 6.0+20160213-1ubuntu1
2016-04-20 22:08:39 status unpacked libtinfo5:armhf 6.0+20160213-1ubuntu1
2016-04-20 22:08:39 install libudev1:armhf <none> 229-4ubuntu4
2016-04-20 22:08:39 status half-installed libudev1:armhf 229-4ubuntu4
2016-04-20 22:08:39 status unpacked libudev1:armhf 229-4ubuntu4
2016-04-20 22:08:39 status unpacked libudev1:armhf 229-4ubuntu4
2016-04-20 22:08:39 install libustr-1.0-1:armhf <none> 1.0.4-5
2016-04-20 22:08:39 status half-installed libustr-1.0-1:armhf 1.0.4-5
2016-04-20 22:08:40 status unpacked libustr-1.0-1:armhf 1.0.4-5
2016-04-20 22:08:40 status unpacked libustr-1.0-1:armhf 1.0.4-5
2016-04-20 22:08:40 install libuuid1:armhf <none> 2.27.1-6ubuntu3
2016-04-20 22:08:40 status half-installed libuuid1:armhf 2.27.1-6ubuntu3
2016-04-20 22:08:40 status unpacked libuuid1:armhf 2.27.1-6ubuntu3
2016-04-20 22:08:40 status unpacked libuuid1:armhf 2.27.1-6ubuntu3
2016-04-20 22:08:40 install locales:all <none> 2.23-0ubuntu3
2016-04-20 22:08:40 status half-installed locales:all 2.23-0ubuntu3
2016-04-20 22:08:42 status unpacked locales:all 2.23-0ubuntu3
2016-04-20 22:08:43 status unpacked locales:all 2.23-0ubuntu3
2016-04-20 22:08:43 install login:armhf <none> 1:4.2-3.1ubuntu5
2016-04-20 22:08:43 status half-installed login:armhf 1:4.2-3.1ubuntu5
2016-04-20 22:08:43 status unpacked login:armhf 1:4.2-3.1ubuntu5
2016-04-20 22:08:43 status unpacked login:armhf 1:4.2-3.1ubuntu5
2016-04-20 22:08:44 install lsb-base:all <none> 9.20160110
2016-04-20 22:08:44 status half-installed lsb-base:all 9.20160110
2016-04-20 22:08:44 status unpacked lsb-base:all 9.20160110
2016-04-20 22:08:44 status unpacked lsb-base:all 9.20160110
2016-04-20 22:08:44 install makedev:all <none> 2.3.1-93ubuntu1
2016-04-20 22:08:44 status half-installed makedev:all 2.3.1-93ubuntu1
2016-04-20 22:08:44 status unpacked makedev:all 2.3.1-93ubuntu1
2016-04-20 22:08:44 status unpacked makedev:all 2.3.1-93ubuntu1
2016-04-20 22:08:45 upgrade mawk:armhf 1.3.3-17ubuntu2 1.3.3-17ubuntu2
2016-04-20 22:08:45 status half-configured mawk:armhf 1.3.3-17ubuntu2
2016-04-20 22:08:45 status unpacked mawk:armhf 1.3.3-17ubuntu2
2016-04-20 22:08:45 status half-installed mawk:armhf 1.3.3-17ubuntu2
2016-04-20 22:08:45 status half-installed mawk:armhf 1.3.3-17ubuntu2
2016-04-20 22:08:45 status unpacked mawk:armhf 1.3.3-17ubuntu2
2016-04-20 22:08:45 status unpacked mawk:armhf 1.3.3-17ubuntu2
2016-04-20 22:08:45 install mount:armhf <none> 2.27.1-6ubuntu3
2016-04-20 22:08:45 status half-installed mount:armhf 2.27.1-6ubuntu3
2016-04-20 22:08:45 status unpacked mount:armhf 2.27.1-6ubuntu3
2016-04-20 22:08:45 status unpacked mount:armhf 2.27.1-6ubuntu3
2016-04-20 22:08:46 install multiarch-support:armhf <none> 2.23-0ubuntu3
2016-04-20 22:08:46 status half-installed multiarch-support:armhf 2.23-0ubuntu3
2016-04-20 22:08:46 status unpacked multiarch-support:armhf 2.23-0ubuntu3
2016-04-20 22:08:46 status unpacked multiarch-support:armhf 2.23-0ubuntu3
2016-04-20 22:08:46 install ncurses-base:all <none> 6.0+20160213-1ubuntu1
2016-04-20 22:08:46 status half-installed ncurses-base:all 6.0+20160213-1ubuntu1
2016-04-20 22:08:46 status unpacked ncurses-base:all 6.0+20160213-1ubuntu1
2016-04-20 22:08:46 status unpacked ncurses-base:all 6.0+20160213-1ubuntu1
2016-04-20 22:08:46 install ncurses-bin:armhf <none> 6.0+20160213-1ubuntu1
2016-04-20 22:08:46 status half-installed ncurses-bin:armhf 6.0+20160213-1ubuntu1
2016-04-20 22:08:46 status unpacked ncurses-bin:armhf 6.0+20160213-1ubuntu1
2016-04-20 22:08:46 status unpacked ncurses-bin:armhf 6.0+20160213-1ubuntu1
2016-04-20 22:08:47 install passwd:armhf <none> 1:4.2-3.1ubuntu5
2016-04-20 22:08:47 status half-installed passwd:armhf 1:4.2-3.1ubuntu5
2016-04-20 22:08:48 status unpacked passwd:armhf 1:4.2-3.1ubuntu5
2016-04-20 22:08:48 status unpacked passwd:armhf 1:4.2-3.1ubuntu5
2016-04-20 22:08:48 upgrade perl-base:armhf 5.22.1-9 5.22.1-9
2016-04-20 22:08:48 status half-configured perl-base:armhf 5.22.1-9
2016-04-20 22:08:48 status unpacked perl-base:armhf 5.22.1-9
2016-04-20 22:08:48 status half-installed perl-base:armhf 5.22.1-9
2016-04-20 22:08:49 status half-installed perl-base:armhf 5.22.1-9
2016-04-20 22:08:49 status unpacked perl-base:armhf 5.22.1-9
2016-04-20 22:08:49 status unpacked perl-base:armhf 5.22.1-9
2016-04-20 22:08:49 install procps:armhf <none> 2:3.3.10-4ubuntu2
2016-04-20 22:08:49 status half-installed procps:armhf 2:3.3.10-4ubuntu2
2016-04-20 22:08:50 status unpacked procps:armhf 2:3.3.10-4ubuntu2
2016-04-20 22:08:50 status unpacked procps:armhf 2:3.3.10-4ubuntu2
2016-04-20 22:08:50 install sed:armhf <none> 4.2.2-7
2016-04-20 22:08:50 status half-installed sed:armhf 4.2.2-7
2016-04-20 22:08:50 status unpacked sed:armhf 4.2.2-7
2016-04-20 22:08:50 status unpacked sed:armhf 4.2.2-7
2016-04-20 22:08:50 install sensible-utils:all <none> 0.0.9
2016-04-20 22:08:50 status half-installed sensible-utils:all 0.0.9
2016-04-20 22:08:51 status unpacked sensible-utils:all 0.0.9
2016-04-20 22:08:51 status unpacked sensible-utils:all 0.0.9
2016-04-20 22:08:51 install systemd:armhf <none> 229-4ubuntu4
2016-04-20 22:08:51 status half-installed systemd:armhf 229-4ubuntu4
2016-04-20 22:08:53 status unpacked systemd:armhf 229-4ubuntu4
2016-04-20 22:08:53 status unpacked systemd:armhf 229-4ubuntu4
2016-04-20 22:08:53 install systemd-sysv:armhf <none> 229-4ubuntu4
2016-04-20 22:08:53 status half-installed systemd-sysv:armhf 229-4ubuntu4
2016-04-20 22:08:53 status unpacked systemd-sysv:armhf 229-4ubuntu4
2016-04-20 22:08:53 status unpacked systemd-sysv:armhf 229-4ubuntu4
2016-04-20 22:08:53 install sysv-rc:all <none> 2.88dsf-59.3ubuntu2
2016-04-20 22:08:53 status half-installed sysv-rc:all 2.88dsf-59.3ubuntu2
2016-04-20 22:08:54 status unpacked sysv-rc:all 2.88dsf-59.3ubuntu2
2016-04-20 22:08:54 status unpacked sysv-rc:all 2.88dsf-59.3ubuntu2
2016-04-20 22:08:54 install sysvinit-utils:armhf <none> 2.88dsf-59.3ubuntu2
2016-04-20 22:08:54 status half-installed sysvinit-utils:armhf 2.88dsf-59.3ubuntu2
2016-04-20 22:08:54 status unpacked sysvinit-utils:armhf 2.88dsf-59.3ubuntu2
2016-04-20 22:08:54 status unpacked sysvinit-utils:armhf 2.88dsf-59.3ubuntu2
2016-04-20 22:08:54 install tar:armhf <none> 1.28-2.1
2016-04-20 22:08:54 status half-installed tar:armhf 1.28-2.1
2016-04-20 22:08:55 status unpacked tar:armhf 1.28-2.1
2016-04-20 22:08:55 status unpacked tar:armhf 1.28-2.1
2016-04-20 22:08:55 install tzdata:all <none> 2016d-0ubuntu0.16.04
2016-04-20 22:08:55 status half-installed tzdata:all 2016d-0ubuntu0.16.04
2016-04-20 22:08:56 status unpacked tzdata:all 2016d-0ubuntu0.16.04
2016-04-20 22:08:56 status unpacked tzdata:all 2016d-0ubuntu0.16.04
2016-04-20 22:08:57 install util-linux:armhf <none> 2.27.1-6ubuntu3
2016-04-20 22:08:57 status half-installed util-linux:armhf 2.27.1-6ubuntu3
2016-04-20 22:08:57 status unpacked util-linux:armhf 2.27.1-6ubuntu3
2016-04-20 22:08:57 status unpacked util-linux:armhf 2.27.1-6ubuntu3
2016-04-20 22:08:58 install zlib1g:armhf <none> 1:1.2.8.dfsg-2ubuntu4
2016-04-20 22:08:58 status half-installed zlib1g:armhf 1:1.2.8.dfsg-2ubuntu4
2016-04-20 22:08:58 status unpacked zlib1g:armhf 1:1.2.8.dfsg-2ubuntu4
2016-04-20 22:08:58 status unpacked zlib1g:armhf 1:1.2.8.dfsg-2ubuntu4
2016-04-20 22:08:58 startup packages configure
2016-04-20 22:08:58 configure gcc-6-base:armhf 6.0.1-0ubuntu1 <none>
2016-04-20 22:08:58 status unpacked gcc-6-base:armhf 6.0.1-0ubuntu1
2016-04-20 22:08:58 status half-configured gcc-6-base:armhf 6.0.1-0ubuntu1
2016-04-20 22:08:58 status installed gcc-6-base:armhf 6.0.1-0ubuntu1
2016-04-20 22:08:58 configure lsb-base:all 9.20160110 <none>
2016-04-20 22:08:58 status unpacked lsb-base:all 9.20160110
2016-04-20 22:08:58 status half-configured lsb-base:all 9.20160110
2016-04-20 22:08:58 status installed lsb-base:all 9.20160110
2016-04-20 22:08:58 configure sensible-utils:all 0.0.9 <none>
2016-04-20 22:08:58 status unpacked sensible-utils:all 0.0.9
2016-04-20 22:08:58 status half-configured sensible-utils:all 0.0.9
2016-04-20 22:08:58 status installed sensible-utils:all 0.0.9
2016-04-20 22:08:58 configure ncurses-base:all 6.0+20160213-1ubuntu1 <none>
2016-04-20 22:08:58 status unpacked ncurses-base:all 6.0+20160213-1ubuntu1
2016-04-20 22:08:58 status unpacked ncurses-base:all 6.0+20160213-1ubuntu1
2016-04-20 22:08:59 status half-configured ncurses-base:all 6.0+20160213-1ubuntu1
2016-04-20 22:08:59 status installed ncurses-base:all 6.0+20160213-1ubuntu1
2016-04-20 22:08:59 configure libsemanage-common:all 2.3-1build3 <none>
2016-04-20 22:08:59 status unpacked libsemanage-common:all 2.3-1build3
2016-04-20 22:08:59 status unpacked libsemanage-common:all 2.3-1build3
2016-04-20 22:08:59 status half-configured libsemanage-common:all 2.3-1build3
2016-04-20 22:08:59 status installed libsemanage-common:all 2.3-1build3
2016-04-20 22:08:59 configure libaudit-common:all 1:2.4.5-1ubuntu2 <none>
2016-04-20 22:08:59 status unpacked libaudit-common:all 1:2.4.5-1ubuntu2
2016-04-20 22:08:59 status unpacked libaudit-common:all 1:2.4.5-1ubuntu2
2016-04-20 22:08:59 status half-configured libaudit-common:all 1:2.4.5-1ubuntu2
2016-04-20 22:08:59 status installed libaudit-common:all 1:2.4.5-1ubuntu2
2016-04-20 22:08:59 configure libc6:armhf 2.23-0ubuntu3 <none>
2016-04-20 22:08:59 status unpacked libc6:armhf 2.23-0ubuntu3
2016-04-20 22:08:59 status unpacked libc6:armhf 2.23-0ubuntu3
2016-04-20 22:08:59 status half-configured libc6:armhf 2.23-0ubuntu3
2016-04-20 22:09:00 status installed libc6:armhf 2.23-0ubuntu3
2016-04-20 22:09:00 configure libbz2-1.0:armhf 1.0.6-8 <none>
2016-04-20 22:09:00 status unpacked libbz2-1.0:armhf 1.0.6-8
2016-04-20 22:09:00 status half-configured libbz2-1.0:armhf 1.0.6-8
2016-04-20 22:09:00 status installed libbz2-1.0:armhf 1.0.6-8
2016-04-20 22:09:00 configure libkmod2:armhf 22-1ubuntu4 <none>
2016-04-20 22:09:00 status unpacked libkmod2:armhf 22-1ubuntu4
2016-04-20 22:09:00 status half-configured libkmod2:armhf 22-1ubuntu4
2016-04-20 22:09:00 status installed libkmod2:armhf 22-1ubuntu4
2016-04-20 22:09:00 configure libgpg-error0:armhf 1.21-2ubuntu1 <none>
2016-04-20 22:09:00 status unpacked libgpg-error0:armhf 1.21-2ubuntu1
2016-04-20 22:09:00 status half-configured libgpg-error0:armhf 1.21-2ubuntu1
2016-04-20 22:09:00 status installed libgpg-error0:armhf 1.21-2ubuntu1
2016-04-20 22:09:00 configure libc-bin:armhf 2.23-0ubuntu3 <none>
2016-04-20 22:09:00 status unpacked libc-bin:armhf 2.23-0ubuntu3
2016-04-20 22:09:00 status unpacked libc-bin:armhf 2.23-0ubuntu3
2016-04-20 22:09:00 status unpacked libc-bin:armhf 2.23-0ubuntu3
2016-04-20 22:09:00 status unpacked libc-bin:armhf 2.23-0ubuntu3
2016-04-20 22:09:00 status unpacked libc-bin:armhf 2.23-0ubuntu3
2016-04-20 22:09:00 status unpacked libc-bin:armhf 2.23-0ubuntu3
2016-04-20 22:09:01 status half-configured libc-bin:armhf 2.23-0ubuntu3
2016-04-20 22:09:01 status installed libc-bin:armhf 2.23-0ubuntu3
2016-04-20 22:09:01 configure libseccomp2:armhf 2.2.3-3ubuntu3 <none>
2016-04-20 22:09:01 status triggers-pending libc-bin:armhf 2.23-0ubuntu3
2016-04-20 22:09:01 status unpacked libseccomp2:armhf 2.2.3-3ubuntu3
2016-04-20 22:09:01 status half-configured libseccomp2:armhf 2.2.3-3ubuntu3
2016-04-20 22:09:01 status installed libseccomp2:armhf 2.2.3-3ubuntu3
2016-04-20 22:09:01 configure libapparmor1:armhf 2.10.95-0ubuntu2 <none>
2016-04-20 22:09:01 status unpacked libapparmor1:armhf 2.10.95-0ubuntu2
2016-04-20 22:09:01 status half-configured libapparmor1:armhf 2.10.95-0ubuntu2
2016-04-20 22:09:01 status installed libapparmor1:armhf 2.10.95-0ubuntu2
2016-04-20 22:09:01 configure libdebconfclient0:armhf 0.198ubuntu1 <none>
2016-04-20 22:09:01 status unpacked libdebconfclient0:armhf 0.198ubuntu1
2016-04-20 22:09:01 status half-configured libdebconfclient0:armhf 0.198ubuntu1
2016-04-20 22:09:01 status installed libdebconfclient0:armhf 0.198ubuntu1
2016-04-20 22:09:01 configure diffutils:armhf 1:3.3-3 <none>
2016-04-20 22:09:01 status unpacked diffutils:armhf 1:3.3-3
2016-04-20 22:09:01 status half-configured diffutils:armhf 1:3.3-3
2016-04-20 22:09:01 status installed diffutils:armhf 1:3.3-3
2016-04-20 22:09:01 configure insserv:armhf 1.14.0-5ubuntu3 <none>
2016-04-20 22:09:01 status unpacked insserv:armhf 1.14.0-5ubuntu3
2016-04-20 22:09:01 status unpacked insserv:armhf 1.14.0-5ubuntu3
2016-04-20 22:09:02 status unpacked insserv:armhf 1.14.0-5ubuntu3
2016-04-20 22:09:02 status half-configured insserv:armhf 1.14.0-5ubuntu3
2016-04-20 22:09:02 status installed insserv:armhf 1.14.0-5ubuntu3
2016-04-20 22:09:02 configure libcomerr2:armhf 1.42.13-1ubuntu1 <none>
2016-04-20 22:09:02 status unpacked libcomerr2:armhf 1.42.13-1ubuntu1
2016-04-20 22:09:02 status half-configured libcomerr2:armhf 1.42.13-1ubuntu1
2016-04-20 22:09:02 status installed libcomerr2:armhf 1.42.13-1ubuntu1
2016-04-20 22:09:02 configure libsepol1:armhf 2.4-2 <none>
2016-04-20 22:09:02 status unpacked libsepol1:armhf 2.4-2
2016-04-20 22:09:02 status half-configured libsepol1:armhf 2.4-2
2016-04-20 22:09:02 status installed libsepol1:armhf 2.4-2
2016-04-20 22:09:02 configure libgcc1:armhf 1:6.0.1-0ubuntu1 <none>
2016-04-20 22:09:02 status unpacked libgcc1:armhf 1:6.0.1-0ubuntu1
2016-04-20 22:09:02 status half-configured libgcc1:armhf 1:6.0.1-0ubuntu1
2016-04-20 22:09:02 status installed libgcc1:armhf 1:6.0.1-0ubuntu1
2016-04-20 22:09:02 configure libustr-1.0-1:armhf 1.0.4-5 <none>
2016-04-20 22:09:02 status unpacked libustr-1.0-1:armhf 1.0.4-5
2016-04-20 22:09:02 status half-configured libustr-1.0-1:armhf 1.0.4-5
2016-04-20 22:09:02 status installed libustr-1.0-1:armhf 1.0.4-5
2016-04-20 22:09:02 configure libsmartcols1:armhf 2.27.1-6ubuntu3 <none>
2016-04-20 22:09:02 status unpacked libsmartcols1:armhf 2.27.1-6ubuntu3
2016-04-20 22:09:02 status half-configured libsmartcols1:armhf 2.27.1-6ubuntu3
2016-04-20 22:09:03 status installed libsmartcols1:armhf 2.27.1-6ubuntu3
2016-04-20 22:09:03 configure libaudit1:armhf 1:2.4.5-1ubuntu2 <none>
2016-04-20 22:09:03 status unpacked libaudit1:armhf 1:2.4.5-1ubuntu2
2016-04-20 22:09:03 status half-configured libaudit1:armhf 1:2.4.5-1ubuntu2
2016-04-20 22:09:03 status installed libaudit1:armhf 1:2.4.5-1ubuntu2
2016-04-20 22:09:03 configure libtinfo5:armhf 6.0+20160213-1ubuntu1 <none>
2016-04-20 22:09:03 status unpacked libtinfo5:armhf 6.0+20160213-1ubuntu1
2016-04-20 22:09:03 status half-configured libtinfo5:armhf 6.0+20160213-1ubuntu1
2016-04-20 22:09:03 status installed libtinfo5:armhf 6.0+20160213-1ubuntu1
2016-04-20 22:09:03 configure libudev1:armhf 229-4ubuntu4 <none>
2016-04-20 22:09:03 status unpacked libudev1:armhf 229-4ubuntu4
2016-04-20 22:09:03 status half-configured libudev1:armhf 229-4ubuntu4
2016-04-20 22:09:03 status installed libudev1:armhf 229-4ubuntu4
2016-04-20 22:09:03 configure libss2:armhf 1.42.13-1ubuntu1 <none>
2016-04-20 22:09:03 status unpacked libss2:armhf 1.42.13-1ubuntu1
2016-04-20 22:09:03 status half-configured libss2:armhf 1.42.13-1ubuntu1
2016-04-20 22:09:03 status installed libss2:armhf 1.42.13-1ubuntu1
2016-04-20 22:09:03 configure base-passwd:armhf 3.5.39 <none>
2016-04-20 22:09:03 status unpacked base-passwd:armhf 3.5.39
2016-04-20 22:09:03 status half-configured base-passwd:armhf 3.5.39
2016-04-20 22:09:04 status installed base-passwd:armhf 3.5.39
2016-04-20 22:09:04 configure e2fslibs:armhf 1.42.13-1ubuntu1 <none>
2016-04-20 22:09:04 status unpacked e2fslibs:armhf 1.42.13-1ubuntu1
2016-04-20 22:09:04 status half-configured e2fslibs:armhf 1.42.13-1ubuntu1
2016-04-20 22:09:04 status installed e2fslibs:armhf 1.42.13-1ubuntu1
2016-04-20 22:09:04 configure debianutils:armhf 4.7 <none>
2016-04-20 22:09:04 status unpacked debianutils:armhf 4.7
2016-04-20 22:09:04 status half-configured debianutils:armhf 4.7
2016-04-20 22:09:04 status installed debianutils:armhf 4.7
2016-04-20 22:09:05 configure libgcrypt20:armhf 1.6.5-2 <none>
2016-04-20 22:09:05 status unpacked libgcrypt20:armhf 1.6.5-2
2016-04-20 22:09:05 status half-configured libgcrypt20:armhf 1.6.5-2
2016-04-20 22:09:05 status installed libgcrypt20:armhf 1.6.5-2
2016-04-20 22:09:05 configure libncursesw5:armhf 6.0+20160213-1ubuntu1 <none>
2016-04-20 22:09:05 status unpacked libncursesw5:armhf 6.0+20160213-1ubuntu1
2016-04-20 22:09:05 status half-configured libncursesw5:armhf 6.0+20160213-1ubuntu1
2016-04-20 22:09:05 status installed libncursesw5:armhf 6.0+20160213-1ubuntu1
2016-04-20 22:09:05 configure libdb5.3:armhf 5.3.28-11 <none>
2016-04-20 22:09:05 status unpacked libdb5.3:armhf 5.3.28-11
2016-04-20 22:09:05 status half-configured libdb5.3:armhf 5.3.28-11
2016-04-20 22:09:05 status installed libdb5.3:armhf 5.3.28-11
2016-04-20 22:09:05 configure zlib1g:armhf 1:1.2.8.dfsg-2ubuntu4 <none>
2016-04-20 22:09:05 status unpacked zlib1g:armhf 1:1.2.8.dfsg-2ubuntu4
2016-04-20 22:09:05 status half-configured zlib1g:armhf 1:1.2.8.dfsg-2ubuntu4
2016-04-20 22:09:05 status installed zlib1g:armhf 1:1.2.8.dfsg-2ubuntu4
2016-04-20 22:09:05 configure hostname:armhf 3.16ubuntu2 <none>
2016-04-20 22:09:05 status unpacked hostname:armhf 3.16ubuntu2
2016-04-20 22:09:05 status unpacked hostname:armhf 3.16ubuntu2
2016-04-20 22:09:05 status unpacked hostname:armhf 3.16ubuntu2
2016-04-20 22:09:06 status half-configured hostname:armhf 3.16ubuntu2
2016-04-20 22:09:06 status installed hostname:armhf 3.16ubuntu2
2016-04-20 22:09:06 configure multiarch-support:armhf 2.23-0ubuntu3 <none>
2016-04-20 22:09:06 status unpacked multiarch-support:armhf 2.23-0ubuntu3
2016-04-20 22:09:06 status half-configured multiarch-support:armhf 2.23-0ubuntu3
2016-04-20 22:09:06 status installed multiarch-support:armhf 2.23-0ubuntu3
2016-04-20 22:09:06 configure mawk:armhf 1.3.3-17ubuntu2 <none>
2016-04-20 22:09:06 status unpacked mawk:armhf 1.3.3-17ubuntu2
2016-04-20 22:09:06 status half-configured mawk:armhf 1.3.3-17ubuntu2
2016-04-20 22:09:06 status installed mawk:armhf 1.3.3-17ubuntu2
2016-04-20 22:09:06 configure libcap2:armhf 1:2.24-12 <none>
2016-04-20 22:09:06 status unpacked libcap2:armhf 1:2.24-12
2016-04-20 22:09:06 status half-configured libcap2:armhf 1:2.24-12
2016-04-20 22:09:06 status installed libcap2:armhf 1:2.24-12
2016-04-20 22:09:06 configure libpcre3:armhf 2:8.38-3.1 <none>
2016-04-20 22:09:06 status unpacked libpcre3:armhf 2:8.38-3.1
2016-04-20 22:09:06 status half-configured libpcre3:armhf 2:8.38-3.1
2016-04-20 22:09:06 status installed libpcre3:armhf 2:8.38-3.1
2016-04-20 22:09:06 configure base-files:armhf 9.4ubuntu4 <none>
2016-04-20 22:09:06 status unpacked base-files:armhf 9.4ubuntu4
2016-04-20 22:09:07 status unpacked base-files:armhf 9.4ubuntu4
2016-04-20 22:09:07 status unpacked base-files:armhf 9.4ubuntu4
2016-04-20 22:09:07 status unpacked base-files:armhf 9.4ubuntu4
2016-04-20 22:09:07 status unpacked base-files:armhf 9.4ubuntu4
2016-04-20 22:09:07 status unpacked base-files:armhf 9.4ubuntu4
2016-04-20 22:09:07 status unpacked base-files:armhf 9.4ubuntu4
2016-04-20 22:09:07 status unpacked base-files:armhf 9.4ubuntu4
2016-04-20 22:09:07 status unpacked base-files:armhf 9.4ubuntu4
2016-04-20 22:09:07 status unpacked base-files:armhf 9.4ubuntu4
2016-04-20 22:09:07 status unpacked base-files:armhf 9.4ubuntu4
2016-04-20 22:09:07 status half-configured base-files:armhf 9.4ubuntu4
2016-04-20 22:09:07 status installed base-files:armhf 9.4ubuntu4
2016-04-20 22:09:07 configure libselinux1:armhf 2.4-3build2 <none>
2016-04-20 22:09:07 status unpacked libselinux1:armhf 2.4-3build2
2016-04-20 22:09:07 status half-configured libselinux1:armhf 2.4-3build2
2016-04-20 22:09:07 status installed libselinux1:armhf 2.4-3build2
2016-04-20 22:09:07 configure findutils:armhf 4.6.0+git+20160126-2 <none>
2016-04-20 22:09:07 status unpacked findutils:armhf 4.6.0+git+20160126-2
2016-04-20 22:09:07 status half-configured findutils:armhf 4.6.0+git+20160126-2
2016-04-20 22:09:07 status installed findutils:armhf 4.6.0+git+20160126-2
2016-04-20 22:09:07 configure ncurses-bin:armhf 6.0+20160213-1ubuntu1 <none>
2016-04-20 22:09:07 status unpacked ncurses-bin:armhf 6.0+20160213-1ubuntu1
2016-04-20 22:09:08 status half-configured ncurses-bin:armhf 6.0+20160213-1ubuntu1
2016-04-20 22:09:08 status installed ncurses-bin:armhf 6.0+20160213-1ubuntu1
2016-04-20 22:09:08 configure libncurses5:armhf 6.0+20160213-1ubuntu1 <none>
2016-04-20 22:09:08 status unpacked libncurses5:armhf 6.0+20160213-1ubuntu1
2016-04-20 22:09:08 status half-configured libncurses5:armhf 6.0+20160213-1ubuntu1
2016-04-20 22:09:08 status installed libncurses5:armhf 6.0+20160213-1ubuntu1
2016-04-20 22:09:08 configure makedev:all 2.3.1-93ubuntu1 <none>
2016-04-20 22:09:08 status unpacked makedev:all 2.3.1-93ubuntu1
2016-04-20 22:09:08 status half-configured makedev:all 2.3.1-93ubuntu1
2016-04-20 22:09:13 status installed makedev:all 2.3.1-93ubuntu1
2016-04-20 22:09:13 configure libattr1:armhf 1:2.4.47-2 <none>
2016-04-20 22:09:13 status unpacked libattr1:armhf 1:2.4.47-2
2016-04-20 22:09:13 status half-configured libattr1:armhf 1:2.4.47-2
2016-04-20 22:09:13 status installed libattr1:armhf 1:2.4.47-2
2016-04-20 22:09:14 configure liblzma5:armhf 5.1.1alpha+20120614-2ubuntu2 <none>
2016-04-20 22:09:14 status unpacked liblzma5:armhf 5.1.1alpha+20120614-2ubuntu2
2016-04-20 22:09:14 status half-configured liblzma5:armhf 5.1.1alpha+20120614-2ubuntu2
2016-04-20 22:09:14 status installed liblzma5:armhf 5.1.1alpha+20120614-2ubuntu2
2016-04-20 22:09:14 configure libcap2-bin:armhf 1:2.24-12 <none>
2016-04-20 22:09:14 status unpacked libcap2-bin:armhf 1:2.24-12
2016-04-20 22:09:14 status half-configured libcap2-bin:armhf 1:2.24-12
2016-04-20 22:09:14 status installed libcap2-bin:armhf 1:2.24-12
2016-04-20 22:09:14 configure libsystemd0:armhf 229-4ubuntu4 <none>
2016-04-20 22:09:14 status unpacked libsystemd0:armhf 229-4ubuntu4
2016-04-20 22:09:14 status half-configured libsystemd0:armhf 229-4ubuntu4
2016-04-20 22:09:14 status installed libsystemd0:armhf 229-4ubuntu4
2016-04-20 22:09:14 configure libdevmapper1.02.1:armhf 2:1.02.110-1ubuntu10 <none>
2016-04-20 22:09:14 status unpacked libdevmapper1.02.1:armhf 2:1.02.110-1ubuntu10
2016-04-20 22:09:14 status half-configured libdevmapper1.02.1:armhf 2:1.02.110-1ubuntu10
2016-04-20 22:09:14 status installed libdevmapper1.02.1:armhf 2:1.02.110-1ubuntu10
2016-04-20 22:09:14 configure libsemanage1:armhf 2.3-1build3 <none>
2016-04-20 22:09:14 status unpacked libsemanage1:armhf 2.3-1build3
2016-04-20 22:09:14 status half-configured libsemanage1:armhf 2.3-1build3
2016-04-20 22:09:14 status installed libsemanage1:armhf 2.3-1build3
2016-04-20 22:09:14 configure libacl1:armhf 2.2.52-3 <none>
2016-04-20 22:09:14 status unpacked libacl1:armhf 2.2.52-3
2016-04-20 22:09:15 status half-configured libacl1:armhf 2.2.52-3
2016-04-20 22:09:15 status installed libacl1:armhf 2.2.52-3
2016-04-20 22:09:15 configure libprocps4:armhf 2:3.3.10-4ubuntu2 <none>
2016-04-20 22:09:15 status unpacked libprocps4:armhf 2:3.3.10-4ubuntu2
2016-04-20 22:09:15 status half-configured libprocps4:armhf 2:3.3.10-4ubuntu2
2016-04-20 22:09:15 status installed libprocps4:armhf 2:3.3.10-4ubuntu2
2016-04-20 22:09:15 configure bsdutils:armhf 1:2.27.1-6ubuntu3 <none>
2016-04-20 22:09:15 status unpacked bsdutils:armhf 1:2.27.1-6ubuntu3
2016-04-20 22:09:15 status half-configured bsdutils:armhf 1:2.27.1-6ubuntu3
2016-04-20 22:09:15 status installed bsdutils:armhf 1:2.27.1-6ubuntu3
2016-04-20 22:09:15 configure coreutils:armhf 8.25-2ubuntu2 <none>
2016-04-20 22:09:15 status unpacked coreutils:armhf 8.25-2ubuntu2
2016-04-20 22:09:15 status half-configured coreutils:armhf 8.25-2ubuntu2
2016-04-20 22:09:15 status installed coreutils:armhf 8.25-2ubuntu2
2016-04-20 22:09:15 configure tar:armhf 1.28-2.1 <none>
2016-04-20 22:09:15 status unpacked tar:armhf 1.28-2.1
2016-04-20 22:09:15 status unpacked tar:armhf 1.28-2.1
2016-04-20 22:09:15 status half-configured tar:armhf 1.28-2.1
2016-04-20 22:09:15 status installed tar:armhf 1.28-2.1
2016-04-20 22:09:15 configure dpkg:armhf 1.18.4ubuntu1 <none>
2016-04-20 22:09:15 status unpacked dpkg:armhf 1.18.4ubuntu1
2016-04-20 22:09:15 status unpacked dpkg:armhf 1.18.4ubuntu1
2016-04-20 22:09:15 status unpacked dpkg:armhf 1.18.4ubuntu1
2016-04-20 22:09:15 status unpacked dpkg:armhf 1.18.4ubuntu1
2016-04-20 22:09:16 status unpacked dpkg:armhf 1.18.4ubuntu1
2016-04-20 22:09:16 status half-configured dpkg:armhf 1.18.4ubuntu1
2016-04-20 22:09:16 status installed dpkg:armhf 1.18.4ubuntu1
2016-04-20 22:09:16 configure sed:armhf 4.2.2-7 <none>
2016-04-20 22:09:16 status unpacked sed:armhf 4.2.2-7
2016-04-20 22:09:16 status half-configured sed:armhf 4.2.2-7
2016-04-20 22:09:16 status installed sed:armhf 4.2.2-7
2016-04-20 22:09:16 configure perl-base:armhf 5.22.1-9 <none>
2016-04-20 22:09:16 status unpacked perl-base:armhf 5.22.1-9
2016-04-20 22:09:16 status half-configured perl-base:armhf 5.22.1-9
2016-04-20 22:09:16 status installed perl-base:armhf 5.22.1-9
2016-04-20 22:09:16 configure grep:armhf 2.24-1 <none>
2016-04-20 22:09:16 status unpacked grep:armhf 2.24-1
2016-04-20 22:09:16 status half-configured grep:armhf 2.24-1
2016-04-20 22:09:16 status installed grep:armhf 2.24-1
2016-04-20 22:09:16 configure debconf:all 1.5.58ubuntu1 <none>
2016-04-20 22:09:16 status unpacked debconf:all 1.5.58ubuntu1
2016-04-20 22:09:16 status unpacked debconf:all 1.5.58ubuntu1
2016-04-20 22:09:16 status unpacked debconf:all 1.5.58ubuntu1
2016-04-20 22:09:16 status half-configured debconf:all 1.5.58ubuntu1
2016-04-20 22:09:17 status installed debconf:all 1.5.58ubuntu1
2016-04-20 22:09:17 configure tzdata:all 2016d-0ubuntu0.16.04 <none>
2016-04-20 22:09:17 status unpacked tzdata:all 2016d-0ubuntu0.16.04
2016-04-20 22:09:17 status half-configured tzdata:all 2016d-0ubuntu0.16.04
2016-04-20 22:09:17 status installed tzdata:all 2016d-0ubuntu0.16.04
2016-04-20 22:09:17 configure gzip:armhf 1.6-4ubuntu1 <none>
2016-04-20 22:09:17 status unpacked gzip:armhf 1.6-4ubuntu1
2016-04-20 22:09:18 status half-configured gzip:armhf 1.6-4ubuntu1
2016-04-20 22:09:18 status installed gzip:armhf 1.6-4ubuntu1
2016-04-20 22:09:18 configure dash:armhf 0.5.8-2.1ubuntu2 <none>
2016-04-20 22:09:18 status unpacked dash:armhf 0.5.8-2.1ubuntu2
2016-04-20 22:09:18 status half-configured dash:armhf 0.5.8-2.1ubuntu2
2016-04-20 22:09:18 status installed dash:armhf 0.5.8-2.1ubuntu2
2016-04-20 22:09:18 configure init-system-helpers:all 1.29ubuntu1 <none>
2016-04-20 22:09:18 status unpacked init-system-helpers:all 1.29ubuntu1
2016-04-20 22:09:19 status half-configured init-system-helpers:all 1.29ubuntu1
2016-04-20 22:09:19 status installed init-system-helpers:all 1.29ubuntu1
2016-04-20 22:09:19 configure sysvinit-utils:armhf 2.88dsf-59.3ubuntu2 <none>
2016-04-20 22:09:19 status unpacked sysvinit-utils:armhf 2.88dsf-59.3ubuntu2
2016-04-20 22:09:19 status half-configured sysvinit-utils:armhf 2.88dsf-59.3ubuntu2
2016-04-20 22:09:19 status installed sysvinit-utils:armhf 2.88dsf-59.3ubuntu2
2016-04-20 22:09:19 configure sysv-rc:all 2.88dsf-59.3ubuntu2 <none>
2016-04-20 22:09:19 status unpacked sysv-rc:all 2.88dsf-59.3ubuntu2
2016-04-20 22:09:19 status half-configured sysv-rc:all 2.88dsf-59.3ubuntu2
2016-04-20 22:09:19 status installed sysv-rc:all 2.88dsf-59.3ubuntu2
2016-04-20 22:09:19 configure libpam0g:armhf 1.1.8-3.2ubuntu2 <none>
2016-04-20 22:09:19 status unpacked libpam0g:armhf 1.1.8-3.2ubuntu2
2016-04-20 22:09:19 status half-configured libpam0g:armhf 1.1.8-3.2ubuntu2
2016-04-20 22:09:20 status installed libpam0g:armhf 1.1.8-3.2ubuntu2
2016-04-20 22:09:20 configure initscripts:armhf 2.88dsf-59.3ubuntu2 <none>
2016-04-20 22:09:20 status unpacked initscripts:armhf 2.88dsf-59.3ubuntu2
2016-04-20 22:09:20 status unpacked initscripts:armhf 2.88dsf-59.3ubuntu2
2016-04-20 22:09:20 status unpacked initscripts:armhf 2.88dsf-59.3ubuntu2
2016-04-20 22:09:20 status unpacked initscripts:armhf 2.88dsf-59.3ubuntu2
2016-04-20 22:09:20 status unpacked initscripts:armhf 2.88dsf-59.3ubuntu2
2016-04-20 22:09:20 status unpacked initscripts:armhf 2.88dsf-59.3ubuntu2
2016-04-20 22:09:20 status unpacked initscripts:armhf 2.88dsf-59.3ubuntu2
2016-04-20 22:09:20 status unpacked initscripts:armhf 2.88dsf-59.3ubuntu2
2016-04-20 22:09:20 status unpacked initscripts:armhf 2.88dsf-59.3ubuntu2
2016-04-20 22:09:20 status unpacked initscripts:armhf 2.88dsf-59.3ubuntu2
2016-04-20 22:09:20 status unpacked initscripts:armhf 2.88dsf-59.3ubuntu2
2016-04-20 22:09:20 status unpacked initscripts:armhf 2.88dsf-59.3ubuntu2
2016-04-20 22:09:20 status unpacked initscripts:armhf 2.88dsf-59.3ubuntu2
2016-04-20 22:09:20 status unpacked initscripts:armhf 2.88dsf-59.3ubuntu2
2016-04-20 22:09:20 status unpacked initscripts:armhf 2.88dsf-59.3ubuntu2
2016-04-20 22:09:20 status unpacked initscripts:armhf 2.88dsf-59.3ubuntu2
2016-04-20 22:09:20 status unpacked initscripts:armhf 2.88dsf-59.3ubuntu2
2016-04-20 22:09:20 status unpacked initscripts:armhf 2.88dsf-59.3ubuntu2
2016-04-20 22:09:20 status unpacked initscripts:armhf 2.88dsf-59.3ubuntu2
2016-04-20 22:09:21 status unpacked initscripts:armhf 2.88dsf-59.3ubuntu2
2016-04-20 22:09:21 status unpacked initscripts:armhf 2.88dsf-59.3ubuntu2
2016-04-20 22:09:21 status unpacked initscripts:armhf 2.88dsf-59.3ubuntu2
2016-04-20 22:09:21 status unpacked initscripts:armhf 2.88dsf-59.3ubuntu2
2016-04-20 22:09:21 status unpacked initscripts:armhf 2.88dsf-59.3ubuntu2
2016-04-20 22:09:21 status unpacked initscripts:armhf 2.88dsf-59.3ubuntu2
2016-04-20 22:09:21 status unpacked initscripts:armhf 2.88dsf-59.3ubuntu2
2016-04-20 22:09:21 status half-configured initscripts:armhf 2.88dsf-59.3ubuntu2
2016-04-20 22:09:22 status installed initscripts:armhf 2.88dsf-59.3ubuntu2
2016-04-20 22:09:22 configure locales:all 2.23-0ubuntu3 <none>
2016-04-20 22:09:22 status unpacked locales:all 2.23-0ubuntu3
2016-04-20 22:09:22 status unpacked locales:all 2.23-0ubuntu3
2016-04-20 22:09:23 status half-configured locales:all 2.23-0ubuntu3
2016-04-20 22:09:25 status installed locales:all 2.23-0ubuntu3
2016-04-20 22:09:25 configure libpam-modules-bin:armhf 1.1.8-3.2ubuntu2 <none>
2016-04-20 22:09:25 status unpacked libpam-modules-bin:armhf 1.1.8-3.2ubuntu2
2016-04-20 22:09:25 status half-configured libpam-modules-bin:armhf 1.1.8-3.2ubuntu2
2016-04-20 22:09:25 status installed libpam-modules-bin:armhf 1.1.8-3.2ubuntu2
2016-04-20 22:09:25 configure bash:armhf 4.3-14ubuntu1 <none>
2016-04-20 22:09:25 status unpacked bash:armhf 4.3-14ubuntu1
2016-04-20 22:09:25 status unpacked bash:armhf 4.3-14ubuntu1
2016-04-20 22:09:25 status unpacked bash:armhf 4.3-14ubuntu1
2016-04-20 22:09:25 status unpacked bash:armhf 4.3-14ubuntu1
2016-04-20 22:09:25 status unpacked bash:armhf 4.3-14ubuntu1
2016-04-20 22:09:25 status half-configured bash:armhf 4.3-14ubuntu1
2016-04-20 22:09:25 status installed bash:armhf 4.3-14ubuntu1
2016-04-20 22:09:25 configure procps:armhf 2:3.3.10-4ubuntu2 <none>
2016-04-20 22:09:25 status unpacked procps:armhf 2:3.3.10-4ubuntu2
2016-04-20 22:09:25 status unpacked procps:armhf 2:3.3.10-4ubuntu2
2016-04-20 22:09:25 status unpacked procps:armhf 2:3.3.10-4ubuntu2
2016-04-20 22:09:25 status unpacked procps:armhf 2:3.3.10-4ubuntu2
2016-04-20 22:09:25 status unpacked procps:armhf 2:3.3.10-4ubuntu2
2016-04-20 22:09:25 status unpacked procps:armhf 2:3.3.10-4ubuntu2
2016-04-20 22:09:25 status unpacked procps:armhf 2:3.3.10-4ubuntu2
2016-04-20 22:09:25 status unpacked procps:armhf 2:3.3.10-4ubuntu2
2016-04-20 22:09:26 status unpacked procps:armhf 2:3.3.10-4ubuntu2
2016-04-20 22:09:26 status unpacked procps:armhf 2:3.3.10-4ubuntu2
2016-04-20 22:09:26 status unpacked procps:armhf 2:3.3.10-4ubuntu2
2016-04-20 22:09:26 status unpacked procps:armhf 2:3.3.10-4ubuntu2
2016-04-20 22:09:26 status unpacked procps:armhf 2:3.3.10-4ubuntu2
2016-04-20 22:09:26 status unpacked procps:armhf 2:3.3.10-4ubuntu2
2016-04-20 22:09:26 status half-configured procps:armhf 2:3.3.10-4ubuntu2
2016-04-20 22:09:26 status installed procps:armhf 2:3.3.10-4ubuntu2
2016-04-20 22:09:26 configure libpam-modules:armhf 1.1.8-3.2ubuntu2 <none>
2016-04-20 22:09:26 status unpacked libpam-modules:armhf 1.1.8-3.2ubuntu2
2016-04-20 22:09:26 status unpacked libpam-modules:armhf 1.1.8-3.2ubuntu2
2016-04-20 22:09:26 status unpacked libpam-modules:armhf 1.1.8-3.2ubuntu2
2016-04-20 22:09:26 status unpacked libpam-modules:armhf 1.1.8-3.2ubuntu2
2016-04-20 22:09:26 status unpacked libpam-modules:armhf 1.1.8-3.2ubuntu2
2016-04-20 22:09:26 status unpacked libpam-modules:armhf 1.1.8-3.2ubuntu2
2016-04-20 22:09:26 status unpacked libpam-modules:armhf 1.1.8-3.2ubuntu2
2016-04-20 22:09:26 status unpacked libpam-modules:armhf 1.1.8-3.2ubuntu2
2016-04-20 22:09:26 status unpacked libpam-modules:armhf 1.1.8-3.2ubuntu2
2016-04-20 22:09:26 status half-configured libpam-modules:armhf 1.1.8-3.2ubuntu2
2016-04-20 22:09:27 status installed libpam-modules:armhf 1.1.8-3.2ubuntu2
2016-04-20 22:09:27 configure libpam-runtime:all 1.1.8-3.2ubuntu2 <none>
2016-04-20 22:09:27 status unpacked libpam-runtime:all 1.1.8-3.2ubuntu2
2016-04-20 22:09:27 status unpacked libpam-runtime:all 1.1.8-3.2ubuntu2
2016-04-20 22:09:27 status unpacked libpam-runtime:all 1.1.8-3.2ubuntu2
2016-04-20 22:09:27 status half-configured libpam-runtime:all 1.1.8-3.2ubuntu2
2016-04-20 22:09:27 status installed libpam-runtime:all 1.1.8-3.2ubuntu2
2016-04-20 22:09:27 configure passwd:armhf 1:4.2-3.1ubuntu5 <none>
2016-04-20 22:09:27 status unpacked passwd:armhf 1:4.2-3.1ubuntu5
2016-04-20 22:09:27 status unpacked passwd:armhf 1:4.2-3.1ubuntu5
2016-04-20 22:09:27 status unpacked passwd:armhf 1:4.2-3.1ubuntu5
2016-04-20 22:09:27 status unpacked passwd:armhf 1:4.2-3.1ubuntu5
2016-04-20 22:09:28 status unpacked passwd:armhf 1:4.2-3.1ubuntu5
2016-04-20 22:09:28 status unpacked passwd:armhf 1:4.2-3.1ubuntu5
2016-04-20 22:09:28 status unpacked passwd:armhf 1:4.2-3.1ubuntu5
2016-04-20 22:09:28 status unpacked passwd:armhf 1:4.2-3.1ubuntu5
2016-04-20 22:09:28 status unpacked passwd:armhf 1:4.2-3.1ubuntu5
2016-04-20 22:09:28 status half-configured passwd:armhf 1:4.2-3.1ubuntu5
2016-04-20 22:09:28 status installed passwd:armhf 1:4.2-3.1ubuntu5
2016-04-20 22:09:28 configure login:armhf 1:4.2-3.1ubuntu5 <none>
2016-04-20 22:09:28 status unpacked login:armhf 1:4.2-3.1ubuntu5
2016-04-20 22:09:28 status unpacked login:armhf 1:4.2-3.1ubuntu5
2016-04-20 22:09:28 status unpacked login:armhf 1:4.2-3.1ubuntu5
2016-04-20 22:09:28 status unpacked login:armhf 1:4.2-3.1ubuntu5
2016-04-20 22:09:28 status unpacked login:armhf 1:4.2-3.1ubuntu5
2016-04-20 22:09:28 status half-configured login:armhf 1:4.2-3.1ubuntu5
2016-04-20 22:09:28 status installed login:armhf 1:4.2-3.1ubuntu5
2016-04-20 22:09:28 configure adduser:all 3.113+nmu3ubuntu4 <none>
2016-04-20 22:09:28 status unpacked adduser:all 3.113+nmu3ubuntu4
2016-04-20 22:09:29 status unpacked adduser:all 3.113+nmu3ubuntu4
2016-04-20 22:09:29 status half-configured adduser:all 3.113+nmu3ubuntu4
2016-04-20 22:09:29 status installed adduser:all 3.113+nmu3ubuntu4
2016-04-20 22:09:29 configure libuuid1:armhf 2.27.1-6ubuntu3 <none>
2016-04-20 22:09:29 status unpacked libuuid1:armhf 2.27.1-6ubuntu3
2016-04-20 22:09:29 status half-configured libuuid1:armhf 2.27.1-6ubuntu3
2016-04-20 22:09:29 status installed libuuid1:armhf 2.27.1-6ubuntu3
2016-04-20 22:09:29 configure libblkid1:armhf 2.27.1-6ubuntu3 <none>
2016-04-20 22:09:29 status unpacked libblkid1:armhf 2.27.1-6ubuntu3
2016-04-20 22:09:29 status half-configured libblkid1:armhf 2.27.1-6ubuntu3
2016-04-20 22:09:29 status installed libblkid1:armhf 2.27.1-6ubuntu3
2016-04-20 22:09:29 configure libmount1:armhf 2.27.1-6ubuntu3 <none>
2016-04-20 22:09:29 status unpacked libmount1:armhf 2.27.1-6ubuntu3
2016-04-20 22:09:29 status half-configured libmount1:armhf 2.27.1-6ubuntu3
2016-04-20 22:09:30 status installed libmount1:armhf 2.27.1-6ubuntu3
2016-04-20 22:09:30 configure libcryptsetup4:armhf 2:1.6.6-5ubuntu2 <none>
2016-04-20 22:09:30 status unpacked libcryptsetup4:armhf 2:1.6.6-5ubuntu2
2016-04-20 22:09:30 status half-configured libcryptsetup4:armhf 2:1.6.6-5ubuntu2
2016-04-20 22:09:30 status installed libcryptsetup4:armhf 2:1.6.6-5ubuntu2
2016-04-20 22:09:30 configure mount:armhf 2.27.1-6ubuntu3 <none>
2016-04-20 22:09:30 status unpacked mount:armhf 2.27.1-6ubuntu3
2016-04-20 22:09:30 status half-configured mount:armhf 2.27.1-6ubuntu3
2016-04-20 22:09:30 status installed mount:armhf 2.27.1-6ubuntu3
2016-04-20 22:09:30 configure libfdisk1:armhf 2.27.1-6ubuntu3 <none>
2016-04-20 22:09:30 status unpacked libfdisk1:armhf 2.27.1-6ubuntu3
2016-04-20 22:09:30 status half-configured libfdisk1:armhf 2.27.1-6ubuntu3
2016-04-20 22:09:30 status installed libfdisk1:armhf 2.27.1-6ubuntu3
2016-04-20 22:09:30 configure util-linux:armhf 2.27.1-6ubuntu3 <none>
2016-04-20 22:09:30 status unpacked util-linux:armhf 2.27.1-6ubuntu3
2016-04-20 22:09:30 status unpacked util-linux:armhf 2.27.1-6ubuntu3
2016-04-20 22:09:30 status unpacked util-linux:armhf 2.27.1-6ubuntu3
2016-04-20 22:09:30 status unpacked util-linux:armhf 2.27.1-6ubuntu3
2016-04-20 22:09:30 status unpacked util-linux:armhf 2.27.1-6ubuntu3
2016-04-20 22:09:30 status unpacked util-linux:armhf 2.27.1-6ubuntu3
2016-04-20 22:09:30 status unpacked util-linux:armhf 2.27.1-6ubuntu3
2016-04-20 22:09:30 status unpacked util-linux:armhf 2.27.1-6ubuntu3
2016-04-20 22:09:31 status half-configured util-linux:armhf 2.27.1-6ubuntu3
2016-04-20 22:09:31 status installed util-linux:armhf 2.27.1-6ubuntu3
2016-04-20 22:09:31 configure e2fsprogs:armhf 1.42.13-1ubuntu1 <none>
2016-04-20 22:09:31 status unpacked e2fsprogs:armhf 1.42.13-1ubuntu1
2016-04-20 22:09:31 status unpacked e2fsprogs:armhf 1.42.13-1ubuntu1
2016-04-20 22:09:31 status half-configured e2fsprogs:armhf 1.42.13-1ubuntu1
2016-04-20 22:09:31 status installed e2fsprogs:armhf 1.42.13-1ubuntu1
2016-04-20 22:09:31 configure systemd:armhf 229-4ubuntu4 <none>
2016-04-20 22:09:31 status unpacked systemd:armhf 229-4ubuntu4
2016-04-20 22:09:31 status unpacked systemd:armhf 229-4ubuntu4
2016-04-20 22:09:31 status unpacked systemd:armhf 229-4ubuntu4
2016-04-20 22:09:31 status unpacked systemd:armhf 229-4ubuntu4
2016-04-20 22:09:31 status unpacked systemd:armhf 229-4ubuntu4
2016-04-20 22:09:31 status unpacked systemd:armhf 229-4ubuntu4
2016-04-20 22:09:31 status unpacked systemd:armhf 229-4ubuntu4
2016-04-20 22:09:31 status unpacked systemd:armhf 229-4ubuntu4
2016-04-20 22:09:31 status unpacked systemd:armhf 229-4ubuntu4
2016-04-20 22:09:31 status unpacked systemd:armhf 229-4ubuntu4
2016-04-20 22:09:31 status unpacked systemd:armhf 229-4ubuntu4
2016-04-20 22:09:32 status unpacked systemd:armhf 229-4ubuntu4
2016-04-20 22:09:32 status unpacked systemd:armhf 229-4ubuntu4
2016-04-20 22:09:32 status unpacked systemd:armhf 229-4ubuntu4
2016-04-20 22:09:32 status unpacked systemd:armhf 229-4ubuntu4
2016-04-20 22:09:32 status unpacked systemd:armhf 229-4ubuntu4
2016-04-20 22:09:32 status half-configured systemd:armhf 229-4ubuntu4
2016-04-20 22:09:35 status installed systemd:armhf 229-4ubuntu4
2016-04-20 22:09:35 configure systemd-sysv:armhf 229-4ubuntu4 <none>
2016-04-20 22:09:35 status unpacked systemd-sysv:armhf 229-4ubuntu4
2016-04-20 22:09:35 status half-configured systemd-sysv:armhf 229-4ubuntu4
2016-04-20 22:09:35 status installed systemd-sysv:armhf 229-4ubuntu4
2016-04-20 22:09:35 configure init:armhf 1.29ubuntu1 <none>
2016-04-20 22:09:35 status unpacked init:armhf 1.29ubuntu1
2016-04-20 22:09:35 status half-configured init:armhf 1.29ubuntu1
2016-04-20 22:09:35 status installed init:armhf 1.29ubuntu1
2016-04-20 22:09:35 trigproc libc-bin:armhf 2.23-0ubuntu3 <none>
2016-04-20 22:09:35 status half-configured libc-bin:armhf 2.23-0ubuntu3
2016-04-20 22:09:36 status installed libc-bin:armhf 2.23-0ubuntu3
2016-04-20 22:09:37 startup archives unpack
2016-04-20 22:09:37 install apt:armhf <none> 1.2.10ubuntu1
2016-04-20 22:09:37 status triggers-pending libc-bin:armhf 2.23-0ubuntu3
2016-04-20 22:09:37 status half-installed apt:armhf 1.2.10ubuntu1
2016-04-20 22:09:38 status unpacked apt:armhf 1.2.10ubuntu1
2016-04-20 22:09:38 status unpacked apt:armhf 1.2.10ubuntu1
2016-04-20 22:09:38 install gcc-5-base:armhf <none> 5.3.1-14ubuntu2
2016-04-20 22:09:38 status half-installed gcc-5-base:armhf 5.3.1-14ubuntu2
2016-04-20 22:09:38 status unpacked gcc-5-base:armhf 5.3.1-14ubuntu2
2016-04-20 22:09:38 status unpacked gcc-5-base:armhf 5.3.1-14ubuntu2
2016-04-20 22:09:38 install gnupg:armhf <none> 1.4.20-1ubuntu3
2016-04-20 22:09:38 status half-installed gnupg:armhf 1.4.20-1ubuntu3
2016-04-20 22:09:39 status unpacked gnupg:armhf 1.4.20-1ubuntu3
2016-04-20 22:09:39 status unpacked gnupg:armhf 1.4.20-1ubuntu3
2016-04-20 22:09:39 install gpgv:armhf <none> 1.4.20-1ubuntu3
2016-04-20 22:09:39 status half-installed gpgv:armhf 1.4.20-1ubuntu3
2016-04-20 22:09:39 status unpacked gpgv:armhf 1.4.20-1ubuntu3
2016-04-20 22:09:39 status unpacked gpgv:armhf 1.4.20-1ubuntu3
2016-04-20 22:09:40 install libapt-pkg5.0:armhf <none> 1.2.10ubuntu1
2016-04-20 22:09:40 status half-installed libapt-pkg5.0:armhf 1.2.10ubuntu1
2016-04-20 22:09:40 status unpacked libapt-pkg5.0:armhf 1.2.10ubuntu1
2016-04-20 22:09:40 status unpacked libapt-pkg5.0:armhf 1.2.10ubuntu1
2016-04-20 22:09:40 install liblz4-1:armhf <none> 0.0~r131-2ubuntu2
2016-04-20 22:09:40 status half-installed liblz4-1:armhf 0.0~r131-2ubuntu2
2016-04-20 22:09:40 status unpacked liblz4-1:armhf 0.0~r131-2ubuntu2
2016-04-20 22:09:40 status unpacked liblz4-1:armhf 0.0~r131-2ubuntu2
2016-04-20 22:09:41 install libreadline6:armhf <none> 6.3-8ubuntu2
2016-04-20 22:09:41 status half-installed libreadline6:armhf 6.3-8ubuntu2
2016-04-20 22:09:41 status unpacked libreadline6:armhf 6.3-8ubuntu2
2016-04-20 22:09:41 status unpacked libreadline6:armhf 6.3-8ubuntu2
2016-04-20 22:09:41 install libstdc++6:armhf <none> 5.3.1-14ubuntu2
2016-04-20 22:09:41 status half-installed libstdc++6:armhf 5.3.1-14ubuntu2
2016-04-20 22:09:42 status unpacked libstdc++6:armhf 5.3.1-14ubuntu2
2016-04-20 22:09:42 status unpacked libstdc++6:armhf 5.3.1-14ubuntu2
2016-04-20 22:09:42 install libusb-0.1-4:armhf <none> 2:0.1.12-28
2016-04-20 22:09:42 status half-installed libusb-0.1-4:armhf 2:0.1.12-28
2016-04-20 22:09:42 status unpacked libusb-0.1-4:armhf 2:0.1.12-28
2016-04-20 22:09:42 status unpacked libusb-0.1-4:armhf 2:0.1.12-28
2016-04-20 22:09:42 install readline-common:all <none> 6.3-8ubuntu2
2016-04-20 22:09:42 status half-installed readline-common:all 6.3-8ubuntu2
2016-04-20 22:09:42 status unpacked readline-common:all 6.3-8ubuntu2
2016-04-20 22:09:42 status unpacked readline-common:all 6.3-8ubuntu2
2016-04-20 22:09:43 install ubuntu-keyring:all <none> 2012.05.19
2016-04-20 22:09:43 status half-installed ubuntu-keyring:all 2012.05.19
2016-04-20 22:09:43 status unpacked ubuntu-keyring:all 2012.05.19
2016-04-20 22:09:43 status unpacked ubuntu-keyring:all 2012.05.19
2016-04-20 22:09:43 trigproc libc-bin:armhf 2.23-0ubuntu3 <none>
2016-04-20 22:09:43 status half-configured libc-bin:armhf 2.23-0ubuntu3
2016-04-20 22:09:43 status installed libc-bin:armhf 2.23-0ubuntu3
2016-04-20 22:09:43 startup packages configure
2016-04-20 22:09:43 configure readline-common:all 6.3-8ubuntu2 <none>
2016-04-20 22:09:43 status unpacked readline-common:all 6.3-8ubuntu2
2016-04-20 22:09:43 status half-configured readline-common:all 6.3-8ubuntu2
2016-04-20 22:09:43 status installed readline-common:all 6.3-8ubuntu2
2016-04-20 22:09:43 configure liblz4-1:armhf 0.0~r131-2ubuntu2 <none>
2016-04-20 22:09:43 status triggers-pending libc-bin:armhf 2.23-0ubuntu3
2016-04-20 22:09:43 status unpacked liblz4-1:armhf 0.0~r131-2ubuntu2
2016-04-20 22:09:43 status half-configured liblz4-1:armhf 0.0~r131-2ubuntu2
2016-04-20 22:09:43 status installed liblz4-1:armhf 0.0~r131-2ubuntu2
2016-04-20 22:09:44 configure gpgv:armhf 1.4.20-1ubuntu3 <none>
2016-04-20 22:09:44 status unpacked gpgv:armhf 1.4.20-1ubuntu3
2016-04-20 22:09:44 status half-configured gpgv:armhf 1.4.20-1ubuntu3
2016-04-20 22:09:44 status installed gpgv:armhf 1.4.20-1ubuntu3
2016-04-20 22:09:44 configure libusb-0.1-4:armhf 2:0.1.12-28 <none>
2016-04-20 22:09:44 status unpacked libusb-0.1-4:armhf 2:0.1.12-28
2016-04-20 22:09:44 status half-configured libusb-0.1-4:armhf 2:0.1.12-28
2016-04-20 22:09:44 status installed libusb-0.1-4:armhf 2:0.1.12-28
2016-04-20 22:09:44 configure ubuntu-keyring:all 2012.05.19 <none>
2016-04-20 22:09:44 status unpacked ubuntu-keyring:all 2012.05.19
2016-04-20 22:09:44 status half-configured ubuntu-keyring:all 2012.05.19
2016-04-20 22:09:44 status installed ubuntu-keyring:all 2012.05.19
2016-04-20 22:09:45 configure libreadline6:armhf 6.3-8ubuntu2 <none>
2016-04-20 22:09:45 status unpacked libreadline6:armhf 6.3-8ubuntu2
2016-04-20 22:09:45 status half-configured libreadline6:armhf 6.3-8ubuntu2
2016-04-20 22:09:45 status installed libreadline6:armhf 6.3-8ubuntu2
2016-04-20 22:09:45 configure gcc-5-base:armhf 5.3.1-14ubuntu2 <none>
2016-04-20 22:09:45 status unpacked gcc-5-base:armhf 5.3.1-14ubuntu2
2016-04-20 22:09:45 status half-configured gcc-5-base:armhf 5.3.1-14ubuntu2
2016-04-20 22:09:45 status installed gcc-5-base:armhf 5.3.1-14ubuntu2
2016-04-20 22:09:45 configure gnupg:armhf 1.4.20-1ubuntu3 <none>
2016-04-20 22:09:45 status unpacked gnupg:armhf 1.4.20-1ubuntu3
2016-04-20 22:09:45 status half-configured gnupg:armhf 1.4.20-1ubuntu3
2016-04-20 22:09:45 status installed gnupg:armhf 1.4.20-1ubuntu3
2016-04-20 22:09:45 configure libstdc++6:armhf 5.3.1-14ubuntu2 <none>
2016-04-20 22:09:45 status unpacked libstdc++6:armhf 5.3.1-14ubuntu2
2016-04-20 22:09:45 status half-configured libstdc++6:armhf 5.3.1-14ubuntu2
2016-04-20 22:09:45 status installed libstdc++6:armhf 5.3.1-14ubuntu2
2016-04-20 22:09:45 configure libapt-pkg5.0:armhf 1.2.10ubuntu1 <none>
2016-04-20 22:09:45 status unpacked libapt-pkg5.0:armhf 1.2.10ubuntu1
2016-04-20 22:09:45 status half-configured libapt-pkg5.0:armhf 1.2.10ubuntu1
2016-04-20 22:09:45 status installed libapt-pkg5.0:armhf 1.2.10ubuntu1
2016-04-20 22:09:45 configure apt:armhf 1.2.10ubuntu1 <none>
2016-04-20 22:09:45 status unpacked apt:armhf 1.2.10ubuntu1
2016-04-20 22:09:45 status unpacked apt:armhf 1.2.10ubuntu1
2016-04-20 22:09:45 status unpacked apt:armhf 1.2.10ubuntu1
2016-04-20 22:09:45 status unpacked apt:armhf 1.2.10ubuntu1
2016-04-20 22:09:46 status unpacked apt:armhf 1.2.10ubuntu1
2016-04-20 22:09:46 status unpacked apt:armhf 1.2.10ubuntu1
2016-04-20 22:09:46 status half-configured apt:armhf 1.2.10ubuntu1
2016-04-20 22:09:47 status installed apt:armhf 1.2.10ubuntu1
2016-04-20 22:09:47 trigproc libc-bin:armhf 2.23-0ubuntu3 <none>
2016-04-20 22:09:47 status half-configured libc-bin:armhf 2.23-0ubuntu3
2016-04-20 22:09:47 status installed libc-bin:armhf 2.23-0ubuntu3
